<?xml version="1.0" encoding="UTF-8"?>
<testng-results ignored="0" total="1" passed="1" failed="0" skipped="0">
  <reporter-output>
  </reporter-output>
  <suite started-at="2022-03-19T10:01:26Z" name="Default suite" finished-at="2022-03-19T10:01:28Z" duration-ms="2239">
    <groups>
    </groups>
    <test started-at="2022-03-19T10:01:26Z" name="Default test" finished-at="2022-03-19T10:01:28Z" duration-ms="2239">
      <class name="com.adx.api.automation.adx.TestRequest">
        <test-method signature="addSingleVehicle()[pri:0, instance:com.adx.api.automation.adx.TestRequest@358c99f5]" started-at="2022-03-19T10:01:26Z" name="addSingleVehicle" finished-at="2022-03-19T10:01:28Z" duration-ms="2223" status="PASS">
          <reporter-output>
          </reporter-output>
        </test-method> <!-- addSingleVehicle -->
      </class> <!-- com.adx.api.automation.adx.TestRequest -->
    </test> <!-- Default test -->
  </suite> <!-- Default suite -->
</testng-results>
